# JRE version: Java(TM) SE Runtime Environment (19.0.2+7) (build 19.0.2+7-44)
# Java VM: Java HotSpot(TM) 64-Bit Server VM (19.0.2+7-44, mixed mode, sharing, tiered, compressed oops, compressed class ptrs, g1 gc, windows-amd64)
GC Precious Log:
 CardTable entry size: 512
 Card Set container configuration: InlinePtr #cards 5 size 8 Array Of Cards #cards 12 size 40 Howl #buckets 4 coarsen threshold 1843 Howl Bitmap #cards 512 size 80 coarsen threshold 460 Card regions per heap region 1 cards per card region 2048
 CPUs: 8 total, 8 available
 Memory: 7103M
 Large Page Support: Disabled
 NUMA Support: Disabled
 Compressed Oops: Enabled (32-bit)
 Heap Region Size: 1M
 Heap Min Capacity: 8M
 Heap Initial Capacity: 112M
 Heap Max Capacity: 1776M
 Pre-touch: Disabled
 Parallel Workers: 8
 Concurrent Workers: 2
 Concurrent Refinement Workers: 8
 Periodic GC: Disabled
Heap:
 garbage-first heap   total 114688K, used 27619K [0x0000000091000000, 0x0000000100000000)
  region size 1024K, 7 young (7168K), 7 survivors (7168K)
 Metaspace       used 4012K, committed 4288K, reserved 1114112K
  class space    used 363K, committed 512K, reserved 1048576K
GC Heap History (9 events):
Event: 3.300 GC heap before
{Heap before GC invocations=0 (full 0):
 garbage-first heap   total 114688K, used 23552K [0x0000000091000000, 0x0000000100000000)
  region size 1024K, 23 young (23552K), 0 survivors (0K)
 Metaspace       used 3980K, committed 4160K, reserved 1114112K
  class space    used 363K, committed 448K, reserved 1048576K
}
Event: 3.347 GC heap after
{Heap after GC invocations=1 (full 0):
 garbage-first heap   total 114688K, used 5504K [0x0000000091000000, 0x0000000100000000)
  region size 1024K, 3 young (3072K), 3 survivors (3072K)
 Metaspace       used 3980K, committed 4160K, reserved 1114112K
  class space    used 363K, committed 448K, reserved 1048576K
}
Event: 4.612 GC heap before
{Heap before GC invocations=1 (full 0):
 garbage-first heap   total 114688K, used 29056K [0x0000000091000000, 0x0000000100000000)
  region size 1024K, 26 young (26624K), 3 survivors (3072K)
 Metaspace       used 3992K, committed 4224K, reserved 1114112K
  class space    used 363K, committed 512K, reserved 1048576K
}
Event: 4.652 GC heap after
{Heap after GC invocations=2 (full 0):
 garbage-first heap   total 114688K, used 10168K [0x0000000091000000, 0x0000000100000000)
  region size 1024K, 4 young (4096K), 4 survivors (4096K)
 Metaspace       used 3992K, committed 4224K, reserved 1114112K
  class space    used 363K, committed 512K, reserved 1048576K
}
Event: 7.461 GC heap before
{Heap before GC invocations=2 (full 0):
 garbage-first heap   total 114688K, used 43960K [0x0000000091000000, 0x0000000100000000)
  region size 1024K, 37 young (37888K), 4 survivors (4096K)
 Metaspace       used 4012K, committed 4288K, reserved 1114112K
  class space    used 363K, committed 512K, reserved 1048576K
}
Event: 7.511 GC heap after
{Heap after GC invocations=3 (full 0):
 garbage-first heap   total 114688K, used 15677K [0x0000000091000000, 0x0000000100000000)
  region size 1024K, 5 young (5120K), 5 survivors (5120K)
 Metaspace       used 4012K, committed 4288K, reserved 1114112K
  class space    used 363K, committed 512K, reserved 1048576K
}
Event: 11.210 GC heap before
{Heap before GC invocations=3 (full 0):
 garbage-first heap   total 114688K, used 59709K [0x0000000091000000, 0x0000000100000000)
  region size 1024K, 48 young (49152K), 5 survivors (5120K)
 Metaspace       used 4012K, committed 4288K, reserved 1114112K
  class space    used 363K, committed 512K, reserved 1048576K
}
Event: 11.295 GC heap after
{Heap after GC invocations=4 (full 0):
 garbage-first heap   total 114688K, used 22299K [0x0000000091000000, 0x0000000100000000)
  region size 1024K, 6 young (6144K), 6 survivors (6144K)
 Metaspace       used 4012K, committed 4288K, reserved 1114112K
  class space    used 363K, committed 512K, reserved 1048576K
}
Event: 14.203 GC heap before
{Heap before GC invocations=4 (full 0):
 garbage-first heap   total 114688K, used 66331K [0x0000000091000000, 0x0000000100000000)
  region size 1024K, 49 young (50176K), 6 survivors (6144K)
 Metaspace       used 4012K, committed 4288K, reserved 1114112K
  class space    used 363K, committed 512K, reserved 1048576K
}

